<?xml version="1.0" encoding="UTF-8"?>
<testng-results skipped="0" failed="0" ignored="0" total="1" passed="1">
  <reporter-output>
  </reporter-output>
  <suite name="Default suite" duration-ms="61875" started-at="2019-05-01T00:02:11Z" finished-at="2019-05-01T00:03:13Z">
    <groups>
    </groups>
    <test name="Default test" duration-ms="61875" started-at="2019-05-01T00:02:11Z" finished-at="2019-05-01T00:03:13Z">
      <class name="suite.AAA_Test">
        <test-method status="PASS" signature="exec()[pri:0, instance:suite.AAA_Test@6325a3ee]" name="exec" duration-ms="61831" started-at="2019-05-01T00:02:11Z" finished-at="2019-05-01T00:03:12Z">
          <reporter-output>
          </reporter-output>
        </test-method> <!-- exec -->
      </class> <!-- suite.AAA_Test -->
    </test> <!-- Default test -->
  </suite> <!-- Default suite -->
</testng-results>
